info it worked if it ends with ok
verbose cli [ 'node', '/home/eric/local/node/bin/npm', 'publish' ]
info using npm@1.0.17
info using node@v0.4.10-pre
verbose config file /home/eric/.npmrc
verbose config file /home/eric/local/node/etc/npmrc
verbose publish [ '.' ]
silly testEngine { name: 'nodester-cli',
silly testEngine   description: 'A CLI tool to allow interaction with the http://nodester.com/ platform.',
silly testEngine   version: '0.2.16',
silly testEngine   homepage: 'http://nodester.com/',
silly testEngine   repository: 
silly testEngine    { type: 'git',
silly testEngine      url: 'git://github.com/nodester/nodester-cli.git' },
silly testEngine   author: 
silly testEngine    { name: 'Daniel Bartlett',
silly testEngine      email: 'dan@f-box.org',
silly testEngine      url: 'http://danb-uk.net/' },
silly testEngine   contributors: 
silly testEngine    [ { name: 'Dav Glass', email: 'davglass@gmail.com' },
silly testEngine      { name: 'Chris Matthieu', email: 'chris@matthieu.us' },
silly testEngine      { name: 'Abraham Williams',
silly testEngine        email: '4braham@gmail.com' },
silly testEngine      { name: 'Contra', email: 'contra@australia.edu' },
silly testEngine      { name: 'Marcos Oliveira' } ],
silly testEngine   preferGlobal: 'true',
silly testEngine   bin: { nodester: 'bin/nodester.js' },
silly testEngine   main: './lib/commands.js',
silly testEngine   engines: { node: '*' },
silly testEngine   dependencies: 
silly testEngine    { 'nodester-api': '0.1.9',
silly testEngine      colors: '0.3.0',
silly testEngine      iniparser: '1.0.1' },
silly testEngine   _npmJsonOpts: 
silly testEngine    { file: 'package.json',
silly testEngine      wscript: false,
silly testEngine      contributors: false,
silly testEngine      serverjs: false },
silly testEngine   _id: 'nodester-cli@0.2.16',
silly testEngine   devDependencies: {},
silly testEngine   _engineSupported: true,
silly testEngine   _npmVersion: '1.0.17',
silly testEngine   _nodeVersion: 'v0.4.10-pre',
silly testEngine   _defaultsLoaded: true,
silly testEngine   path: '/home/eric/Desktop/Projects/nodester-cli' }
verbose caching package.json
verbose loadDefaults nodester-cli@0.2.16
verbose pack /home/eric/Desktop/Projects/nodester-cli /tmp/npm-1313810679419/1313810679419-0.551989353261888/tmp.tgz
verbose mkdir done: /tmp/npm-1313810679419/1313810679419-0.551989353261888 755
verbose mkdir'ed /tmp/npm-1313810679419/1313810679419-0.551989353261888
verbose tar about to write tar and gzip it.
silly tar args [ '-cvf',
silly tar args   '-',
silly tar args   'nodester-cli/README.md',
silly tar args   'nodester-cli/package.json',
silly tar args   'nodester-cli/bin/nodester.js',
silly tar args   'nodester-cli/examples/davster',
silly tar args   'nodester-cli/examples/mynodester.js',
silly tar args   'nodester-cli/lib/npm.js',
silly tar args   'nodester-cli/lib/reset_password.js',
silly tar args   'nodester-cli/lib/commands.js',
silly tar args   'nodester-cli/lib/status.js',
silly tar args   'nodester-cli/lib/user.js',
silly tar args   'nodester-cli/lib/coupon.js',
silly tar args   'nodester-cli/lib/log.js',
silly tar args   'nodester-cli/lib/apps.js',
silly tar args   'nodester-cli/lib/appdomain.js',
silly tar args   'nodester-cli/lib/config.js',
silly tar args   'nodester-cli/lib/app.js' ]
verbose success tar -cvf - <file list elided>
verbose success gzip "--stdout"
verbose mkdir done: /tmp/npm-1313810679419/1313810679419-0.551989353261888/contents/___package.npm 755
verbose unpack_ uid, gid [ undefined, undefined ]
verbose unpackTarget /tmp/npm-1313810679419/1313810679419-0.551989353261888/contents/package
silly gunzTarPerm modes [ '755', '644' ]
verbose success gzip "--decompress" "--stdout" "/tmp/npm-1313810679419/1313810679419-0.551989353261888/tmp.tgz"
verbose success tar "-mvxpf" "-" "-o" "-C" "/tmp/npm-1313810679419/1313810679419-0.551989353261888/contents/___package.npm"
silly asyncMap in gTP /tmp/npm-1313810679419/1313810679419-0.551989353261888/contents/___package.npm/nodester-cli/
silly asyncMap in gTP /tmp/npm-1313810679419/1313810679419-0.551989353261888/contents/___package.npm/nodester-cli/README.md
silly asyncMap in gTP /tmp/npm-1313810679419/1313810679419-0.551989353261888/contents/___package.npm/nodester-cli/package.json
silly asyncMap in gTP /tmp/npm-1313810679419/1313810679419-0.551989353261888/contents/___package.npm/nodester-cli/bin/
silly asyncMap in gTP /tmp/npm-1313810679419/1313810679419-0.551989353261888/contents/___package.npm/nodester-cli/bin/nodester.js
silly asyncMap in gTP /tmp/npm-1313810679419/1313810679419-0.551989353261888/contents/___package.npm/nodester-cli/examples/
silly asyncMap in gTP /tmp/npm-1313810679419/1313810679419-0.551989353261888/contents/___package.npm/nodester-cli/examples/davster
silly asyncMap in gTP /tmp/npm-1313810679419/1313810679419-0.551989353261888/contents/___package.npm/nodester-cli/examples/mynodester.js
silly asyncMap in gTP /tmp/npm-1313810679419/1313810679419-0.551989353261888/contents/___package.npm/nodester-cli/lib/
silly asyncMap in gTP /tmp/npm-1313810679419/1313810679419-0.551989353261888/contents/___package.npm/nodester-cli/lib/npm.js
silly asyncMap in gTP /tmp/npm-1313810679419/1313810679419-0.551989353261888/contents/___package.npm/nodester-cli/lib/reset_password.js
silly asyncMap in gTP /tmp/npm-1313810679419/1313810679419-0.551989353261888/contents/___package.npm/nodester-cli/lib/commands.js
silly asyncMap in gTP /tmp/npm-1313810679419/1313810679419-0.551989353261888/contents/___package.npm/nodester-cli/lib/status.js
silly asyncMap in gTP /tmp/npm-1313810679419/1313810679419-0.551989353261888/contents/___package.npm/nodester-cli/lib/user.js
silly asyncMap in gTP /tmp/npm-1313810679419/1313810679419-0.551989353261888/contents/___package.npm/nodester-cli/lib/coupon.js
silly asyncMap in gTP /tmp/npm-1313810679419/1313810679419-0.551989353261888/contents/___package.npm/nodester-cli/lib/appdomain.js
silly asyncMap in gTP /tmp/npm-1313810679419/1313810679419-0.551989353261888/contents/___package.npm/nodester-cli/lib/log.js
silly asyncMap in gTP /tmp/npm-1313810679419/1313810679419-0.551989353261888/contents/___package.npm/nodester-cli/lib/apps.js
silly asyncMap in gTP /tmp/npm-1313810679419/1313810679419-0.551989353261888/contents/___package.npm/nodester-cli/lib/config.js
silly asyncMap in gTP /tmp/npm-1313810679419/1313810679419-0.551989353261888/contents/___package.npm/nodester-cli/lib/app.js
verbose gunzed /tmp/npm-1313810679419/1313810679419-0.551989353261888/contents/___package.npm/nodester-cli
verbose rm'ed /tmp/npm-1313810679419/1313810679419-0.551989353261888/contents/package
verbose renamed [ '/tmp/npm-1313810679419/1313810679419-0.551989353261888/contents/___package.npm/nodester-cli',
verbose renamed   '/tmp/npm-1313810679419/1313810679419-0.551989353261888/contents/package' ]
silly testEngine { name: 'nodester-cli',
silly testEngine   description: 'A CLI tool to allow interaction with the http://nodester.com/ platform.',
silly testEngine   version: '0.2.16',
silly testEngine   homepage: 'http://nodester.com/',
silly testEngine   repository: 
silly testEngine    { type: 'git',
silly testEngine      url: 'git://github.com/nodester/nodester-cli.git' },
silly testEngine   author: 
silly testEngine    { name: 'Daniel Bartlett',
silly testEngine      email: 'dan@f-box.org',
silly testEngine      url: 'http://danb-uk.net/' },
silly testEngine   contributors: 
silly testEngine    [ { name: 'Dav Glass', email: 'davglass@gmail.com' },
silly testEngine      { name: 'Chris Matthieu', email: 'chris@matthieu.us' },
silly testEngine      { name: 'Abraham Williams',
silly testEngine        email: '4braham@gmail.com' },
silly testEngine      { name: 'Contra', email: 'contra@australia.edu' },
silly testEngine      { name: 'Marcos Oliveira' } ],
silly testEngine   preferGlobal: 'true',
silly testEngine   bin: { nodester: 'bin/nodester.js' },
silly testEngine   main: './lib/commands.js',
silly testEngine   engines: { node: '*' },
silly testEngine   dependencies: 
silly testEngine    { 'nodester-api': '0.1.9',
silly testEngine      colors: '0.3.0',
silly testEngine      iniparser: '1.0.1' },
silly testEngine   _npmJsonOpts: 
silly testEngine    { file: '/tmp/npm-1313810679419/1313810679419-0.551989353261888/contents/package/package.json',
silly testEngine      wscript: false,
silly testEngine      contributors: false,
silly testEngine      serverjs: false },
silly testEngine   _id: 'nodester-cli@0.2.16',
silly testEngine   devDependencies: {},
silly testEngine   _engineSupported: true,
silly testEngine   _npmVersion: '1.0.17',
silly testEngine   _nodeVersion: 'v0.4.10-pre',
silly testEngine   _defaultsLoaded: true,
silly testEngine   path: '/tmp/npm-1313810679419/1313810679419-0.551989353261888/contents/package' }
verbose caching /tmp/npm-1313810679419/1313810679419-0.551989353261888/contents/package/package.json
verbose loadDefaults nodester-cli@0.2.16
verbose tarball contents [ 'package' ]
verbose from cache /tmp/npm-1313810679419/1313810679419-0.551989353261888/contents/package/package.json
verbose pack /tmp/npm-1313810679419/1313810679419-0.551989353261888/contents/package /home/eric/.npm/nodester-cli/0.2.16/package.tgz
verbose mkdir done: /home/eric/.npm/nodester-cli/0.2.16 755
verbose mkdir'ed /home/eric/.npm/nodester-cli/0.2.16
verbose tar about to write tar and gzip it.
silly tar args [ '-cvf',
silly tar args   '-',
silly tar args   'package/README.md',
silly tar args   'package/package.json',
silly tar args   'package/examples/davster',
silly tar args   'package/examples/mynodester.js',
silly tar args   'package/bin/nodester.js',
silly tar args   'package/lib/npm.js',
silly tar args   'package/lib/reset_password.js',
silly tar args   'package/lib/commands.js',
silly tar args   'package/lib/status.js',
silly tar args   'package/lib/user.js',
silly tar args   'package/lib/coupon.js',
silly tar args   'package/lib/log.js',
silly tar args   'package/lib/apps.js',
silly tar args   'package/lib/appdomain.js',
silly tar args   'package/lib/config.js',
silly tar args   'package/lib/app.js' ]
verbose success tar -cvf - <file list elided>
verbose success gzip "--stdout"
verbose mkdir done: /home/eric/.npm/nodester-cli/0.2.16/___package.npm 755
verbose unpack_ uid, gid [ undefined, undefined ]
verbose unpackTarget /home/eric/.npm/nodester-cli/0.2.16/package
silly gunzTarPerm modes [ '755', '644' ]
verbose success gzip "--decompress" "--stdout" "/home/eric/.npm/nodester-cli/0.2.16/package.tgz"
verbose success tar "-mvxpf" "-" "-o" "-C" "/home/eric/.npm/nodester-cli/0.2.16/___package.npm"
silly asyncMap in gTP /home/eric/.npm/nodester-cli/0.2.16/___package.npm/package/
silly asyncMap in gTP /home/eric/.npm/nodester-cli/0.2.16/___package.npm/package/README.md
silly asyncMap in gTP /home/eric/.npm/nodester-cli/0.2.16/___package.npm/package/package.json
silly asyncMap in gTP /home/eric/.npm/nodester-cli/0.2.16/___package.npm/package/examples/
silly asyncMap in gTP /home/eric/.npm/nodester-cli/0.2.16/___package.npm/package/examples/davster
silly asyncMap in gTP /home/eric/.npm/nodester-cli/0.2.16/___package.npm/package/examples/mynodester.js
silly asyncMap in gTP /home/eric/.npm/nodester-cli/0.2.16/___package.npm/package/bin/
silly asyncMap in gTP /home/eric/.npm/nodester-cli/0.2.16/___package.npm/package/bin/nodester.js
silly asyncMap in gTP /home/eric/.npm/nodester-cli/0.2.16/___package.npm/package/lib/
silly asyncMap in gTP /home/eric/.npm/nodester-cli/0.2.16/___package.npm/package/lib/npm.js
silly asyncMap in gTP /home/eric/.npm/nodester-cli/0.2.16/___package.npm/package/lib/reset_password.js
silly asyncMap in gTP /home/eric/.npm/nodester-cli/0.2.16/___package.npm/package/lib/commands.js
silly asyncMap in gTP /home/eric/.npm/nodester-cli/0.2.16/___package.npm/package/lib/status.js
silly asyncMap in gTP /home/eric/.npm/nodester-cli/0.2.16/___package.npm/package/lib/user.js
silly asyncMap in gTP /home/eric/.npm/nodester-cli/0.2.16/___package.npm/package/lib/coupon.js
silly asyncMap in gTP /home/eric/.npm/nodester-cli/0.2.16/___package.npm/package/lib/log.js
silly asyncMap in gTP /home/eric/.npm/nodester-cli/0.2.16/___package.npm/package/lib/apps.js
silly asyncMap in gTP /home/eric/.npm/nodester-cli/0.2.16/___package.npm/package/lib/appdomain.js
silly asyncMap in gTP /home/eric/.npm/nodester-cli/0.2.16/___package.npm/package/lib/config.js
silly asyncMap in gTP /home/eric/.npm/nodester-cli/0.2.16/___package.npm/package/lib/app.js
verbose gunzed /home/eric/.npm/nodester-cli/0.2.16/___package.npm/package
verbose rm'ed /home/eric/.npm/nodester-cli/0.2.16/package
verbose renamed [ '/home/eric/.npm/nodester-cli/0.2.16/___package.npm/package',
verbose renamed   '/home/eric/.npm/nodester-cli/0.2.16/package' ]
silly testEngine { name: 'nodester-cli',
silly testEngine   description: 'A CLI tool to allow interaction with the http://nodester.com/ platform.',
silly testEngine   version: '0.2.16',
silly testEngine   homepage: 'http://nodester.com/',
silly testEngine   repository: 
silly testEngine    { type: 'git',
silly testEngine      url: 'git://github.com/nodester/nodester-cli.git' },
silly testEngine   author: 
silly testEngine    { name: 'Daniel Bartlett',
silly testEngine      email: 'dan@f-box.org',
silly testEngine      url: 'http://danb-uk.net/' },
silly testEngine   contributors: 
silly testEngine    [ { name: 'Dav Glass', email: 'davglass@gmail.com' },
silly testEngine      { name: 'Chris Matthieu', email: 'chris@matthieu.us' },
silly testEngine      { name: 'Abraham Williams',
silly testEngine        email: '4braham@gmail.com' },
silly testEngine      { name: 'Contra', email: 'contra@australia.edu' },
silly testEngine      { name: 'Marcos Oliveira' } ],
silly testEngine   preferGlobal: 'true',
silly testEngine   bin: { nodester: 'bin/nodester.js' },
silly testEngine   main: './lib/commands.js',
silly testEngine   engines: { node: '*' },
silly testEngine   dependencies: 
silly testEngine    { 'nodester-api': '0.1.9',
silly testEngine      colors: '0.3.0',
silly testEngine      iniparser: '1.0.1' },
silly testEngine   _npmJsonOpts: 
silly testEngine    { file: '/home/eric/.npm/nodester-cli/0.2.16/package/package.json',
silly testEngine      wscript: false,
silly testEngine      contributors: false,
silly testEngine      serverjs: false },
silly testEngine   _id: 'nodester-cli@0.2.16',
silly testEngine   devDependencies: {},
silly testEngine   _engineSupported: true,
silly testEngine   _npmVersion: '1.0.17',
silly testEngine   _nodeVersion: 'v0.4.10-pre',
silly testEngine   _defaultsLoaded: true,
silly testEngine   dist: 
silly testEngine    { shasum: 'ef1a405e333e85ff7305ee1c014c99ccbd9790d1',
silly testEngine      tarball: 'http://registry.npmjs.org/nodester-cli/-/nodester-cli-0.2.16.tgz' },
silly testEngine   scripts: {} }
verbose caching /home/eric/.npm/nodester-cli/0.2.16/package/package.json
verbose loadDefaults nodester-cli@0.2.16
silly updated sha bytes 8920
info shasum ef1a405e333e85ff7305ee1c014c99ccbd9790d1
info shasum /home/eric/.npm/nodester-cli/0.2.16/package.tgz
verbose from cache /home/eric/.npm/nodester-cli/0.2.16/package/package.json
verbose chmod /home/eric/.npm/nodester-cli/0.2.16/package.tgz 644
silly publish { name: 'nodester-cli',
silly publish   description: 'A CLI tool to allow interaction with the http://nodester.com/ platform.',
silly publish   version: '0.2.16',
silly publish   homepage: 'http://nodester.com/',
silly publish   repository: 
silly publish    { type: 'git',
silly publish      url: 'git://github.com/nodester/nodester-cli.git' },
silly publish   author: 
silly publish    { name: 'Daniel Bartlett',
silly publish      email: 'dan@f-box.org',
silly publish      url: 'http://danb-uk.net/' },
silly publish   contributors: 
silly publish    [ { name: 'Dav Glass', email: 'davglass@gmail.com' },
silly publish      { name: 'Chris Matthieu', email: 'chris@matthieu.us' },
silly publish      { name: 'Abraham Williams',
silly publish        email: '4braham@gmail.com' },
silly publish      { name: 'Contra', email: 'contra@australia.edu' },
silly publish      { name: 'Marcos Oliveira' } ],
silly publish   preferGlobal: 'true',
silly publish   bin: { nodester: 'bin/nodester.js' },
silly publish   main: './lib/commands.js',
silly publish   engines: { node: '*' },
silly publish   dependencies: 
silly publish    { 'nodester-api': '0.1.9',
silly publish      colors: '0.3.0',
silly publish      iniparser: '1.0.1' },
silly publish   _npmJsonOpts: 
silly publish    { file: '/home/eric/.npm/nodester-cli/0.2.16/package/package.json',
silly publish      wscript: false,
silly publish      contributors: false,
silly publish      serverjs: false },
silly publish   _id: 'nodester-cli@0.2.16',
silly publish   devDependencies: {},
silly publish   _engineSupported: true,
silly publish   _npmVersion: '1.0.17',
silly publish   _nodeVersion: 'v0.4.10-pre',
silly publish   _defaultsLoaded: true,
silly publish   dist: 
silly publish    { shasum: 'ef1a405e333e85ff7305ee1c014c99ccbd9790d1',
silly publish      tarball: 'http://registry.npmjs.org/nodester-cli/-/nodester-cli-0.2.16.tgz' },
silly publish   scripts: {} }
info prepublish nodester-cli@0.2.16
verbose PUT nodester-cli
verbose raw, before any munging nodester-cli
verbose url resolving [ 'http://registry.npmjs.org/', './nodester-cli' ]
verbose url resolved http://registry.npmjs.org/nodester-cli
verbose url parsed { protocol: 'http:',
verbose url parsed   slashes: true,
verbose url parsed   host: 'registry.npmjs.org',
verbose url parsed   hostname: 'registry.npmjs.org',
verbose url parsed   href: 'http://registry.npmjs.org/nodester-cli',
verbose url parsed   pathname: '/nodester-cli' }
WARN Sending authorization over insecure channel.
silly writing json { _id: 'nodester-cli',
silly writing json   name: 'nodester-cli',
silly writing json   description: 'A CLI tool to allow interaction with the http://nodester.com/ platform.',
silly writing json   'dist-tags': {},
silly writing json   versions: {},
silly writing json   maintainers: 
silly writing json    [ { name: 'contra-nodester',
silly writing json        email: 'contra@nodester.com' } ] }
verbose response http://registry.npmjs.org/nodester-cli
silly chunk {"error":"conflict","reason":"Document update conflict."}
silly chunk 
verbose GET nodester-cli
verbose raw, before any munging nodester-cli
verbose url resolving [ 'http://registry.npmjs.org/', './nodester-cli' ]
verbose url resolved http://registry.npmjs.org/nodester-cli
verbose url parsed { protocol: 'http:',
verbose url parsed   slashes: true,
verbose url parsed   host: 'registry.npmjs.org',
verbose url parsed   hostname: 'registry.npmjs.org',
verbose url parsed   href: 'http://registry.npmjs.org/nodester-cli',
verbose url parsed   pathname: '/nodester-cli' }
verbose response http://registry.npmjs.org/nodester-cli
silly chunk {"_id":"nodester-cli","_rev":"53-38a9a3ba7970356b9431b272e1a5dfb5","name":"nodester-cli","description":"A CLI tool to allow interaction with the http://nodester.com/ platform.","dist-tags":{"latest":"0.2.19"},"versions":{"0.1.0":{"name":"nodester-cli","description":"A CLI tool to allow interaction with the http://nodester.com/ platform.","version":"0.1.0","homepage":"http://nodester.com/","repository":"git://github.com/nodester/nodester-cli.git","author":{"name":"Daniel Bartlett","email":"dan@f-box.org","url":"http://danb-uk.net/"},"bin":{"nodester":"bin/nodester.js"},"engines":{"node":"*"},"dependencies":{"nodester-api":"0.1.0"},"_id":"nodester-cli@0.1.0","_engineSupported":true,"_npmVersion":"0.2.15","_nodeVersion":"v0.2.5","directories":{"bin":"./bin"},"files":[""],"_defaultsLoaded":true,"dist":{"shasum":"e9626598691bfb45fc15d8888a243a71a22901bf","tarball":"http://registry.npmjs.org/nodester-cli/-/nodester-cli-0.1.0.tgz"}},"0.1.1":{"name":"nodester-cli","description":"A CLI tool to allow interaction with the http://nodester.com/ platform.","version":"0.1.1","homepage":"http://nodester.com/","repository":"git://github.com/nodester/nodester-cli.git","author":{"name":"Daniel Bartlett","email":"dan@f-box.org","url":"http://danb-uk.net/"},"bin":{"nodester":"bin/nodester.js"},"engines":{"node":"*"},"dependencies":{"nodester-api":"0.1.1"},"_id":"nodester-cli@0.1.1","_engineSupported":true,"_npmVersion":"0.2.15","_nodeVersion":"v0.2.5","directories":{"bin":"./bin"},"files":[""],"_defaultsLoaded":true,"dist":{"shasum":"b0cb575ff16c858a1a5925506cd0fefcffd609b1","tarball":"http://registry.npmjs.org/nodester-cli/-/nodester-cli-0.1.1.tgz"}},"0.1.2":{"name":"nodester-cli","description":"A CLI tool to allow interaction with the http://nodester.com/ platform.","version":"0.1.2","homepage":"http://nodester.com/","repository":"git://github.com/nodester/nodester-cli.git","author":{"name":"Daniel Bartlett","email":"dan@f-box.org","url":"http://danb-uk.net/"},"bin":{"nodester":"bin/nodester.js"},"engines":{"node":"*"},"dependencies":{"nodester-api":"0.1.1"},"_id":"nodester-cli@0.1.2","_engineSupported":true,"_npmVersion":"0.2.15","_nodeVersion":"v0.2.5","directories":{"bin":"./bin"},"files":[""],"_defaultsLoaded":true,"dist":{"shasum":"4d8c618ed8273994e65352511cf50b012dce662e","tarball":"http://registry.npmjs.org/nodester-cli/-/nodester-cli-0.1.2.tgz"}},"0.1.3":{"name":"nodester-cli","description":"A CLI tool to allow interaction with the http://nodester.com/ platform.","version":"0.1.3","homepage":"http://nodester.com/","repository":"git://github.com/nodester/nodester-cli.git","author":{"name":"Daniel Bartlett","email":"dan@f-box.org","url":"http://danb-uk.net/"},"bin":{"no
silly chunk dester":"bin/nodester.js"},"engines":{"node":"*"},"dependencies":{"nodester-api":"0.1.2"},"_id":"nodester-cli@0.1.3","_engineSupported":true,"_npmVersion":"0.2.15","_nodeVersion":"v0.2.5","directories":{"bin":"./bin"},"files":[""],"_defaultsLoaded":true,"dist":{"shasum":"b1524e852cb5346f91f0adf290c21d5827b26ffb","tarball":"http://registry.npmjs.org/nodester-cli/-/nodester-cli-0.1.3.tgz"}},"0.1.5":{"name":"nodester-cli","description":"A CLI tool to allow interaction with the http://nodester.com/ platform.","version":"0.1.5","homepage":"http://nodester.com/","repository":"git://github.com/nodester/nodester-cli.git","author":{"name":"Daniel Bartlett","email":"dan@f-box.org","url":"http://danb-uk.net/"},"bin":{"nodester":"bin/nodester.js"},"engines":{"node":"*"},"dependencies":{"nodester-api":"0.1.3"},"_id":"nodester-cli@0.1.5","_engineSupported":true,"_npmVersion":"0.2.15","_nodeVersion":"v0.2.5","directories":{"bin":"./bin"},"files":[""],"_defaultsLoaded":true,"dist":{"shasum":"c2dafab4931a4d7331babfd805836327ba214db3","tarball":"http://registry.npmjs.org/nodester-cli/-/nodester-cli-0.1.5.tgz"}},"0.1.6":{"name":"nodester-cli","description":"A CLI tool to allow interaction with the http://nodester.com/ platform.","version":"0.1.6","homepage":"http://nodester.com/","repository":"git://github.com/nodester/nodester-cli.git","author":{"name":"Daniel Bartlett","email":"dan@f-box.org","url":"http://danb-uk.net/"},"bin":{"nodester":"bin/nodester.js"},"engines":{"node":"*"},"dependencies":{"nodester-api":"0.1.4"},"_id":"nodester-cli@0.1.6","_engineSupported":true,"_npmVersion":"0.2.15","_nodeVersion":"v0.2.5","directories":{"bin":"./bin"},"files":[""],"_defaultsLoaded":true,"dist":{"shasum":"8c55e1366ead7603c7b62de3f3c8d5d27f183703","tarball":"http://registry.npmjs.org/nodester-cli/-/nodester-cli-0.1.6.tgz"}},"0.1.7":{"name":"nodester-cli","description":"A CLI tool to allow interaction with the http://nodester.com/ platform.","version":"0.1.7","homepage":"http://nodester.com/","repository":"git://github.com/nodester/nodester-cli.git","author":{"name":"Daniel Bartlett","email":"dan@f-box.org","url":"http://danb-uk.net/"},"bin":{"nodester":"bin/nodester.js"},"engines":{"node":"*"},"dependencies":{"nodester-api":"0.1.4"},"_id":"nodester-cli@0.1.7","_engineSupported":true,"_npmVersion":"0.2.15","_nodeVersion":"v0.2.5","directories":{"bin":"./bin"},"files":[""],"_defaultsLoaded":true,"dist":{"shasum":"3dfb50bc16a509641cde8b66b30036e1d28af426","tarball":"http://registry.npmjs.org/nodester-cli/-/nodester-cli-0.1.7.tgz"}},"0.2.0":{"name":"nodester-cli","description":"A CLI tool to allow interaction with the http://nodester.com/ platform.","version":"0.2.0","homepage":"http://nodester.com/","repository":"git://github.com/nodester/nodester-cli.git","author":{"name":"Daniel Bartlett","email":"dan@f-box.org","url":"http://danb-uk.net/"},"bin":{"nodester":"bin/nodester.js"},"engines":{"node":"*"},"dependencies":{"nodester-api":"0.1.4","colors":"0.3.0","iniparser":"1.0.1"},"_id":"nodester-cli@0.2.0","_engineSupported":true,"_npmVersion":"0.2.15","_nodeVersion":"v0.2.5","directories":{"lib":"./lib","bin":"./bin"},"modules":{"app.js":"lib/app.js","appdomain.js":"lib/appdomain.js","apps.js":"lib/apps.js","config.js":"lib/config.js","coupon.js":"lib/coupon.js","log.js":"lib/log.js","npm.js":"lib/npm.js","status.js":"lib/status.js","user.js":"lib/user.js"},"files":[""],"_defaultsLoaded":true,"dist":{"shasum":"4680620cfeb43d0302cb1b8dc19acf09f5aa131a","tarball":"http://registry.npmjs.org/nodester-cli/-/nodester-cli-0.2.0.tgz"}},"0.2.1":{"name":"nodester-cli","description":"A CLI tool to allow interaction with the http://nodester.com/ platform.","version":"0.2.1","homepage":"http://nodester.com/","repository":"git://github.com/nodester/nodester-cli.git","author":{"name":"Daniel Bartlett","email":"dan@f-box.org","url":"http://danb-uk.net/"},"bin":{"nodester":"bin/nodester.js"},"engines":{"node":"*"},"dependencies":{"nodester-api":"0.1.5","colors":"0.3.0","iniparser":"1.0.1"},"_id":"nodester-cli@0.2.1","_engineSupported":true,"_npmVersion":"0.2.15","_nodeVersion":"v0.2.5","directories":{"bin":"./bin","lib":"./lib"},"modules":{"app.js":"lib/app.js","appdomain.js":"lib/appdomain.js","apps.js":"lib/apps.js","config.js":"lib/config.js","coupon.js":"lib/coupon.js","log.js":"lib/log.js","npm.js":"lib/np
silly chunk m.js","user.js":"lib/user.js","status.js":"lib/status.js"},"files":[""],"_defaultsLoaded":true,"dist":{"shasum":"8a53c51bd7ea2ee3c9526b4997b3a2783ea104d7","tarball":"http://registry.npmjs.org/nodester-cli/-/nodester-cli-0.2.1.tgz"}},"0.2.3":{"name":"nodester-cli","description":"A CLI tool to allow interaction with the http://nodester.com/ platform.","version":"0.2.3","homepage":"http://nodester.com/","repository":"git://github.com/nodester/nodester-cli.git","author":{"name":"Daniel Bartlett","email":"dan@f-box.org","url":"http://danb-uk.net/"},"bin":{"nodester":"bin/nodester.js"},"engines":{"node":"*"},"dependencies":{"nodester-api":"0.1.5","colors":"0.3.0","iniparser":"1.0.1"},"_id":"nodester-cli@0.2.3","_engineSupported":true,"_npmVersion":"0.2.18","_nodeVersion":"v0.4.0","directories":{"lib":"./lib","bin":"./bin"},"files":[""],"_defaultsLoaded":true,"dist":{"shasum":"e1fa7a822bd1cfb672d79ece179b30bd004562da","tarball":"http://registry.npmjs.org/nodester-cli/-/nodester-cli-0.2.3.tgz"}},"0.2.4":{"name":"nodester-cli","description":"A CLI tool to allow interaction with the http://nodester.com/ platform.","version":"0.2.4","homepage":"http://nodester.com/","repository":{"type":"git","url":"git://github.com/nodester/nodester-cli.git"},"author":{"name":"Daniel Bartlett","email":"dan@f-box.org","url":"http://danb-uk.net/"},"contributors":[{"name":"Dav Glass","email":"davglass@gmail.com"},{"name":"Chris Matthieu","email":"chris@matthieu.us"},{"name":"Abraham Williams","email":"4braham@gmail.com"}],"bin":{"nodester":"bin/nodester.js"},"main":"./lib/commands.js","engines":{"node":"*"},"dependencies":{"nodester-api":"0.1.5","colors":"0.3.0","iniparser":"1.0.1"},"_id":"nodester-cli@0.2.4","_engineSupported":true,"_npmVersion":"0.3.15","_nodeVersion":"v0.4.2","directories":{"lib":"./lib","bin":"./bin"},"files":[""],"_defaultsLoaded":true,"dist":{"shasum":"1c7145401db10f311e288a46512686b06c897405","tarball":"http://registry.npmjs.org/nodester-cli/-/nodester-cli-0.2.4.tgz"}},"0.2.5":{"name":"nodester-cli","description":"A CLI tool to allow interaction with the http://nodester.com/ platform.","version":"0.2.5","homepage":"http://nodester.com/","repository":{"type":"git","url":"git://github.com/nodester/nodester-cli.git"},"author":{"name":"Daniel Bartlett","email":"dan@f-box.org","url":"http://danb-uk.net/"},"contributors":[{"name":"Dav Glass","email":"davglass@gmail.com"},{"name":"Chris Matthieu","email":"chris@matthieu.us"},{"name":"Abraham Williams","email":"4braham@gmail.com"}],"bin":{"nodester":"bin/nodester.js"},"main":"./lib/commands.js","engines":{"node":"*"},"dependencies":{"nodester-api":"0.1.5","colors":"0.3.0","iniparser":"1.0.1"},"_id":"nodester-cli@0.2.5","_engineSupported":true,"_npmVersion":"0.3.15","_nodeVersion":"v0.4.2","directories":{"lib":"./lib","bin":"./bin"},"files":[""],"_defaultsLoaded":true,"dist":{"shasum":"5d3edcde70576449a8f786c
silly chunk 775023427c04cafb8","tarball":"http://registry.npmjs.org/nodester-cli/-/nodester-cli-0.2.5.tgz"}},"0.2.6":{"name":"nodester-cli","description":"A CLI tool to allow interaction with the http://nodester.com/ platform.","version":"0.2.6","homepage":"http://nodester.com/","repository":{"type":"git","url":"git://github.com/nodester/nodester-cli.git"},"author":{"name":"Daniel Bartlett","email":"dan@f-box.org","url":"http://danb-uk.net/"},"contributors":[{"name":"Dav Glass","email":"davglass@gmail.com"},{"name":"Chris Matthieu","email":"chris@matthieu.us"},{"name":"Abraham Williams","email":"4braham@gmail.com"}],"bin":{"nodester":"bin/nodester.js"},"main":"./lib/commands.js","engines":{"node":"*"},"dependencies":{"nodester-api":"0.1.6","colors":"0.3.0","iniparser":"1.0.1"},"_id":"nodester-cli@0.2.6","_engineSupported":true,"_npmVersion":"0.3.15","_nodeVersion":"v0.4.2","directories":{"lib":"./lib","bin":"./bin"},"files":[""],"_defaultsLoaded":true,"dist":{"shasum":"94ca67c2dcf8e5726bcaaa8847618e8886457073","tarball":"http://registry.npmjs.org/nodester-cli/-/nodester-cli-0.2.6.tgz"}},"0.2.7":{"name":"nodester-cli","description":"A CLI tool to allow interaction with the http://nodester.com/ platform.","version":"0.2.7","homepage":"http://nodester.com/","repository":{"type":"git","url":"git://github.com/nodester/nodester-cli.git"},"author":{"name":"Daniel Bartlett","email":"dan@f-box.org","url":"http://danb-uk.net/"},"contributors":[{"name":"Dav Glass","email":"davglass@gmail.com"},{"name":"Chris Matthieu","email":"chris@matthieu.us"},{"name":"Abraham Williams","email":"4braham@gmail.com"}],"bin":{"nodester":"bin/nodester.js"},"main":"./lib/commands.js","engines":{"node":"*"},"dependencies":{"nodester-api":"0.1.7","colors":"0.3.0","iniparser":"1.0.1"},"_id":"nodester-cli@0.2.7","_engineSupported":true,"_npmVersion":"0.3.15","_nodeVersion":"v0.4.2","directories":{"lib":"./lib","bin":"./bin"},"files":[""],"_defaultsLoaded":true,"dist":{"shasum":"b0a1349638b29bffa494968c943406a1127ff6b3","tarball":"http://registry.npmjs.org/nodester-cli/-/nodester-cli-0.2.7.tgz"}},"0.2.8":{"name":"nodester-cli","description":"A CLI tool to allow interaction with the http://nodester.com/ platform.","version":"0.2.8","homepage":"http://nodester.com/","repository":{"type":"git","url":"git://github.com/nodester/nodester-cli.git"},"author":{"name":"Daniel Bartlett","email":"dan@f-box.org","url":"http://danb-uk.net/"},"contributors":[{"name":"Dav Glass","email":"davglass@gmail.com"},{"name":"Chris Matthieu","email":"chris@matthieu.us"},{"name":"Abraham Williams","email":"4braham@gmail.com"}],"bin":{"nodester":"bin/nodester.js"},"main":"./lib/commands.js","engines":{"node":"*"},"dependencies":{"nodester-api":"0.1.7","colors":"0.3.0","iniparser":"1.0.1"},"_id":"nodester-cli@0.2.8","_engineSupported":true,"_npmVersion":"0.3.15","_nodeVersion":"v0.4.2","directories":{"lib":"./lib","bin":"./bin"},"files":[""],"_defaultsLoaded":true,"dist":{"shasum":"9378e4938893a43c9acc9bcf46535c2ae4fde371","tarball":"http://registry.npmjs.org/nodester-cli/-/nodester-cli-0.2.8.tgz"}},"0.2.9":{"name":"nodester-cli","description":"A CLI tool to allow interaction with the http://nodester.com/ platform.","version":"0.2.9","homepage":"http://nodester.com/","repository":{"type":"git","url":"git://github.com/nodester/nodester-cli.git"},"author":{"name":"Daniel Bartlett","email":"dan@f-box.org","url":"http://danb-uk.net/"},"contributors":[{"name":"Dav Glass","email":"davglass@gmail.com"},{"name":"Chris Matthieu","email":"chris@matthieu.us"},{"name":"Abraham Williams","email":"4braham@gmail.com"}],"bin":{"nodester":"bin/nodester.js"},"main":"./lib/commands.js","engines":{"node":"*"},"dependencies":{"nodester-api":"0.1.7","colors":"0.3.0","iniparser":"1.0.1"},"_id":"nodester-cli@0.2.9","_engineSupported":true,"_npmVersion":"0.3.15","_nodeVersion":"v0.4.2","directories":{"lib":"./lib","bin":"./bin"},"files":[""],"_defaultsLoaded":true,"dist":{"shasum":"275d863206aafea57dcd7cf8b912f9150120b53d","tarball":"http://registry.npmjs.org/nodester-cli/-/nodester-cli-0.2.9.tgz"}},"0.2.10":{"name":"nodester-cli","description":"A CLI tool to allow interaction with the http://nodester.com/ platform.","version":"0.2.10","homepage":"http://nodester.com/","repository":{"type":"git","url":"git://github.com/nodester/nodester-cli.git"},"author":{"name
silly chunk ":"Daniel Bartlett","email":"dan@f-box.org","url":"http://danb-uk.net/"},"contributors":[{"name":"Dav Glass","email":"davglass@gmail.com"},{"name":"Chris Matthieu","email":"chris@matthieu.us"},{"name":"Abraham Williams","email":"4braham@gmail.com"}],"bin":{"nodester":"bin/nodester.js"},"main":"./lib/commands.js","engines":{"node":"*"},"dependencies":{"nodester-api":"0.1.7","colors":"0.3.0","iniparser":"1.0.1"},"_id":"nodester-cli@0.2.10","_engineSupported":true,"_npmVersion":"0.3.15","_nodeVersion":"v0.4.2","directories":{"lib":"./lib","bin":"./bin"},"files":[""],"_defaultsLoaded":true,"dist":{"shasum":"de9b1a21fcf9784ff8cdf121ee9c69b5d503b986","tarball":"http://registry.npmjs.org/nodester-cli/-/nodester-cli-0.2.10.tgz"}},"0.2.11":{"name":"nodester-cli","description":"A CLI tool to allow interaction with the http://nodester.com/ platform.","version":"0.2.11","homepage":"http://nodester.com/","repository":{"type":"git","url":"git://github.com/nodester/nodester-cli.git"},"author":{"name":"Daniel Bartlett","email":"dan@f-box.org","url":"http://danb-uk.net/"},"contributors":[{"name":"Dav Glass","email":"davglass@gmail.com"},{"name":"Chris Matthieu","email":"chris@matthieu.us"},{"name":"Abraham Williams","email":"4braham@gmail.com"}],"bin":{"nodester":"bin/nodester.js"},"main":"./lib/commands.js","engines":{"node":"*"},"dependencies":{"nodester-api":"0.1.7","colors":"0.3.0","iniparser":"1.0.1"},"_id":"nodester-cli@0.2.11","_engin
silly chunk eSupported":true,"_npmVersion":"0.3.15","_nodeVersion":"v0.4.2","directories":{"lib":"./lib","bin":"./bin"},"files":[""],"_defaultsLoaded":true,"dist":{"shasum":"da8a51ca92100f727edc61b52b9c592232f7f28f","tarball":"http://registry.npmjs.org/nodester-cli/-/nodester-cli-0.2.11.tgz"}},"0.2.12":{"name":"nodester-cli","description":"A CLI tool to allow interaction with the http://nodester.com/ platform.","version":"0.2.12","homepage":"http://nodester.com/","repository":{"type":"git","url":"git://github.com/nodester/nodester-cli.git"},"author":{"name":"Daniel Bartlett","email":"dan@f-box.org","url":"http://danb-uk.net/"},"contributors":[{"name":"Dav Glass","email":"davglass@gmail.com"},{"name":"Chris Matthieu","email":"chris@matthieu.us"},{"name":"Abraham Williams","email":"4braham@gmail.com"}],"bin":{"nodester":"bin/nodester.js"},"main":"./lib/commands.js","engines":{"node":"*"},"dependencies":{"nodester-api":"0.1.8","colors":"0.3.0","iniparser":"1.0.1"},"_id":"nodester-cli@0.2.12","_engineSupported":true,"_npmVersion":"0.3.15","_nodeVersion":"v0.4.2","directories":{"lib":"./lib","bin":"./bin"},"files":[""],"_defaultsLoaded":true,"dist":{"shasum":"d4767dcdcb352a217e87cb0be8de6eb8ad851afd","tarball":"http://registry.npmjs.org/nodester-cli/-/nodester-cli-0.2.12.tgz"}},"0.2.13":{"name":"nodester-cli","description":"A CLI tool to allow interaction with the http://nodester.com/ platform.","version":"0.2.13","homepage":"http://nodester
silly chunk .com/","repository":{"type":"git","url":"git://github.com/nodester/nodester-cli.git"},"author":{"name":"Daniel Bartlett","email":"dan@f-box.org","url":"http://danb-uk.net/"},"contributors":[{"name":"Dav Glass","email":"davglass@gmail.com"},{"name":"Chris Matthieu","email":"chris@matthieu.us"},{"name":"Abraham Williams","email":"4braham@gmail.com"}],"preferGlobal":"true","bin":{"nodester":"bin/nodester.js"},"main":"./lib/commands.js","engines":{"node":"*"},"dependencies":{"nodester-api":"0.1.8","colors":"0.3.0","iniparser":"1.0.1"},"devDependencies":{},"_id":"nodester-cli@0.2.13","_engineSupported":true,"_npmVersion":"1.0.3","_nodeVersion":"v0.4.7","_defaultsLoaded":true,"dist":{"shasum":"6f336e186cb65e2774f34b330e27dd6fe02ad17c","tarball":"http://registry.npmjs.org/nodester-cli/-/nodester-cli-0.2.13.tgz"},"scripts":{},"directories":{}},"0.2.14":{"name":"nodester-cli","description":"A CLI tool to allow interaction with the http://nodester.com/ platform.","version":"0.2.14","homepage":"http://nodester.com/","repository":{"type":"git","url":"git://github.com/nodester/nodester-cli.git"},"author":{"name":"Daniel Bartlett","email":"dan@f-box.org","url":"http://danb-uk.net/"},"contributors":[{"name":"Dav Glass","email":"davglass@gmail.com"},{"name":"Chris Matthieu","email":"chris@matthieu.us"},{"name":"Abraham Williams","email":"4braham@gmail.com"}],"preferGlobal":"true","bin":{"nodester":"bin/nodester.js"},"main":"./lib/commands.j
silly chunk s","engines":{"node":"*"},"dependencies":{"nodester-api":"0.1.8","colors":"0.3.0","iniparser":"1.0.1"},"_id":"nodester-cli@0.2.14","_engineSupported":true,"_npmVersion":"0.3.18","_nodeVersion":"v0.4.9","directories":{"lib":"./lib","bin":"./bin"},"files":[""],"_defaultsLoaded":true,"dist":{"shasum":"8bed47ebf56fe319d27a9f7ee1c1cfd5b0e9963f","tarball":"http://registry.npmjs.org/nodester-cli/-/nodester-cli-0.2.14.tgz"}},"0.2.15":{"name":"nodester-cli","description":"A CLI tool to allow interaction with the http://nodester.com/ platform.","version":"0.2.15","homepage":"http://nodester.com/","repository":{"type":"git","url":"git://github.com/nodester/nodester-cli.git"},"author":{"name":"Daniel Bartlett","email":"dan@f-box.org","url":"http://danb-uk.net/"},"contributors":[{"name":"Dav Glass","email":"davglass@gmail.com"},{"name":"Chris Matthieu","email":"chris@matthieu.us"},{"name":"Abraham Williams","email":"4braham@gmail.com"}],"preferGlobal":"true","bin":{"nodester":"bin/nodester.js"},"main":"./lib/commands.js","engines":{"node":"*"},"dependencies":{"nodester-api":"0.1.8","colors":"0.3.0","iniparser":"1.0.1"},"_id":"nodester-cli@0.2.15","_engineSupported":true,"_npmVersion":"0.3.18","_nodeVersion":"v0.4.9","directories":{"lib":"./lib","bin":"./bin"},"files":[""],"_defaultsLoaded":true,"dist":{"shasum":"00b9d4343cac1f12bc9bf71d979b1cef6e294f95","tarball":"http://registry.npmjs.org/nodester-cli/-/nodester-cli-0.2.15.tgz"}},"0.2.1
silly chunk 7":{"name":"nodester-cli","description":"A CLI tool to allow interaction with the http://nodester.com/ platform.","version":"0.2.17","homepage":"http://nodester.com/","repository":{"type":"git","url":"git://github.com/nodester/nodester-cli.git"},"author":{"name":"Daniel Bartlett","email":"dan@f-box.org","url":"http://danb-uk.net/"},"contributors":[{"name":"Dav Glass","email":"davglass@gmail.com"},{"name":"Chris Matthieu","email":"chris@matthieu.us"},{"name":"Abraham Williams","email":"4braham@gmail.com"}],"preferGlobal":"true","bin":{"nodester":"bin/nodester.js"},"main":"./lib/commands.js","engines":{"node":"*"},"dependencies":{"nodester-api":"0.1.9","colors":"0.3.0","iniparser":"1.0.1"},"_npmJsonOpts":{"file":"/Users/dan/.npm/nodester-cli/0.2.17/package/package.json","wscript":false,"contributors":false,"serverjs":false},"_id":"nodester-cli@0.2.17","devDependencies":{},"_engi
silly chunk neSupported":true,"_npmVersion":"1.0.17","_nodeVersion":"v0.4.9","_defaultsLoaded":true,"dist":{"shasum":"2d1188d9043c6e1bfdae1c3717115e61bd1b461b","tarball":"http://registry.npmjs.org/nodester-cli/-/nodester-cli-0.2.17.tgz"},"scripts":{},"directories":{}},"0.2.18":{"name":"nodester-cli","description":"A CLI tool to allow interaction with the http://nodester.com/ platform.","version":"0.2.18","homepage":"http://nodester.com/","repository":{"type":"git","url":"git://github.com/nodester/nodester-cli.git"},"author":{"name":"Daniel Bartlett","email":"dan@f-
silly chunk box.org","url":"http://danb-uk.net/"},"contributors":[{"name":"Dav Glass","email":"davglass@gmail.com"},{"name":"Chris Matthieu","email":"chris@matthieu.us"},{"name":"Abraham Williams","email":"4braham@gmail.com"}],"preferGlobal":"true","bin":{"nodester":"bin/nodester.js"},"main":"./lib/commands.js","engines":{"node":"*"},"dependencies":{"nodester-api":"0.1.9","colors":"0.3.0","iniparser":"1.0.1"},"_npmJsonOpts":{"file":"/Users/dan/.npm/nodester-cli/0.2.18/package/package.json","wscript":false,"contributors":false,"serverjs":false},"_id":"nodester-cli@0.2.18","devDependencies":{},"_engineSupported":true,"_npmVersion":"1.0.17","_nodeVersion":"v0.4.9","_defaultsLoaded":true,"dist":{"shasum":"49c877043220ffd76bf73bdeb2480910dea6fac5","tarball":"http://registry.npmjs.org/nodester-cli/-/nodester-cli-0.2.18.tgz"},"scripts":{},"directories":{}},"0.2.19":{"name":"nodester-cli","description":"A CLI tool to allow interaction with the http://nodester.com/ platform.","version":"0.2.19","homepage":"http://nodester.com/","repository":{"type":"git","url":"git://github.com/nodester/nodester-cli.git"},"author":{"name":"Daniel Bartlett","email":"dan@f-box.org","url":"http://danb-uk.net/"},"contributors":[{"name":"Dav Glass","email":"davglass@gmail.com"},{"name":"Chris Matthieu","email":"chris@matthieu.us"},{"name":"Abraham Williams","email":"4braham@gmail.com"}],"preferGlobal":"true","bin":{"nodester":"bin/nodester.js"},"main":"./lib/commands.js","engines":{"node":"*"},"dependencies":{"nodester-api":"0.1.9","colors":"0.3.0","iniparser":"1.0.1"},"_npmJsonOpts":{"file":"/Users/dan/.npm/nodester-cli/0.2.19/package/package.json","wscript":false,"contributors":false,"serverjs":false},"_id":"nodester-cli@0.2.19","devDependencies":{},"_engineSupported":true,"_npmVersion":"1.0.17","_nodeVersion":"v0.4.9","_defaultsLoaded":true,"dist":{"shasum":"d9fbcaabf25a418d9e02a9b94c98eb4aaa7e34b6","tarball":"http://registry.npmjs.org/nodester-cli/-/nodester-cli-0.2.19.tgz"},"scripts":{},"directories":{}}},"maintainers":[{"name":"DanBUK","email":"dan@f-box.org"},{"name":"davglass","email":"davglass@gmail.com"},{"name":"chrismatthieu","email":"chris@matthieu.us"}],"time":{"0.1.0":"2011-01-31T16:26:42.334Z","0.1.1":"2011-02-01T13:48:46.448Z","0.1.2":"2011-02-01T13:58:42.336Z","0.1.3":"2011-02-03T17:32:01.199Z","0.1.5":"2011-02-05T21:06:12.443Z","0.1.6":"2011-02-06T20:41:43.597Z","0.1.7":"2011-02-08T13:08:37.065Z","0.2.0":"2011-02-12T17:53:03.951Z","0.2.1":"2011-02-13T11:58:41.785Z","0.2.3":"2011-02-14T11:42:12.845Z","0.2.4":"2011-03-10T16:13:12.690Z","0.2.5":"2011-03-10T16:26:37.174Z","0.2.6":"2011-03-10T22:48:01.097Z","0.2.7":"2011-03-11T13:52:15.657Z","0.2.8":"2011-03-11T19:56:21.111Z","0.2.9":"2011-03-13T19:29:23.301Z","0.2.10":"2011-03-22T12:16:43.778Z","0.2.11":"2011-03-22T13:45:16.739Z","0.2.12":"2011-03-22T18:15:02.563Z","0.2.13":"2011-05-02T19:24:23.523Z","0.2.14":"2011-07-07T
silly chunk 16:55:19.896Z","0.2.15":"2011-07-07T17:04:12.947Z","0.2.17":"2011-07-22T10:07:01.877Z","0.2.18":"2011-07-22T10:47:50.265Z","0.2.19":"2011-07-22T10:49:09.534Z"},"author":{"name":"Daniel Bartlett","email":"dan@f-box.org","url":"http://danb-uk.net/"},"repository":{"type":"git","url":"git://github.com/nodester/nodester-cli.git"}}
verbose PUT nodester-cli/0.2.16/-tag/latest
verbose raw, before any munging nodester-cli/0.2.16/-tag/latest
verbose url resolving [ 'http://registry.npmjs.org/',
verbose url resolving   './nodester-cli/0.2.16/-tag/latest' ]
verbose url resolved http://registry.npmjs.org/nodester-cli/0.2.16/-tag/latest
verbose url parsed { protocol: 'http:',
verbose url parsed   slashes: true,
verbose url parsed   host: 'registry.npmjs.org',
verbose url parsed   hostname: 'registry.npmjs.org',
verbose url parsed   href: 'http://registry.npmjs.org/nodester-cli/0.2.16/-tag/latest',
verbose url parsed   pathname: '/nodester-cli/0.2.16/-tag/latest' }
silly writing json { name: 'nodester-cli',
silly writing json   description: 'A CLI tool to allow interaction with the http://nodester.com/ platform.',
silly writing json   version: '0.2.16',
silly writing json   homepage: 'http://nodester.com/',
silly writing json   repository: 
silly writing json    { type: 'git',
silly writing json      url: 'git://github.com/nodester/nodester-cli.git' },
silly writing json   author: 
silly writing json    { name: 'Daniel Bartlett',
silly writing json      email: 'dan@f-box.org',
silly writing json      url: 'http://danb-uk.net/' },
silly writing json   contributors: 
silly writing json    [ { name: 'Dav Glass', email: 'davglass@gmail.com' },
silly writing json      { name: 'Chris Matthieu', email: 'chris@matthieu.us' },
silly writing json      { name: 'Abraham Williams',
silly writing json        email: '4braham@gmail.com' },
silly writing json      { name: 'Contra', email: 'contra@australia.edu' },
silly writing json      { name: 'Marcos Oliveira' } ],
silly writing json   preferGlobal: 'true',
silly writing json   bin: { nodester: 'bin/nodester.js' },
silly writing json   main: './lib/commands.js',
silly writing json   engines: { node: '*' },
silly writing json   dependencies: 
silly writing json    { 'nodester-api': '0.1.9',
silly writing json      colors: '0.3.0',
silly writing json      iniparser: '1.0.1' },
silly writing json   _npmJsonOpts: 
silly writing json    { file: '/home/eric/.npm/nodester-cli/0.2.16/package/package.json',
silly writing json      wscript: false,
silly writing json      contributors: false,
silly writing json      serverjs: false },
silly writing json   _id: 'nodester-cli@0.2.16',
silly writing json   devDependencies: {},
silly writing json   _engineSupported: true,
silly writing json   _npmVersion: '1.0.17',
silly writing json   _nodeVersion: 'v0.4.10-pre',
silly writing json   _defaultsLoaded: true,
silly writing json   dist: 
silly writing json    { shasum: 'ef1a405e333e85ff7305ee1c014c99ccbd9790d1',
silly writing json      tarball: 'http://registry.npmjs.org/nodester-cli/-/nodester-cli-0.2.16.tgz' },
silly writing json   scripts: {} }
verbose response http://registry.npmjs.org/nodester-cli/0.2.16/-tag/latest
silly chunk {"error":"forbidden","reason":"user: contra-nodester not authorized to modify nodester-cli"}
silly chunk 
ERR! Error sending version data
ERR! Error: forbidden user: contra-nodester not authorized to modify nodester-cli: nodester-cli/0.2.16/-tag/latest
ERR!     at IncomingMessage.<anonymous> (/home/eric/local/node/lib/node_modules/npm/lib/utils/npm-registry-client/request.js:177:16)
ERR!     at IncomingMessage.emit (events.js:81:20)
ERR!     at HTTPParser.onMessageComplete (http.js:133:23)
ERR!     at Socket.ondata (http.js:1227:22)
ERR!     at Socket._onReadable (net.js:683:27)
ERR!     at IOWatcher.onReadable [as callback] (net.js:177:10)
ERR! Report this *entire* log at:
ERR!     <http://github.com/isaacs/npm/issues>
ERR! or email it to:
ERR!     <npm-@googlegroups.com>
ERR! 
ERR! System Linux 2.6.38-11-generic
ERR! command "node" "/home/eric/local/node/bin/npm" "publish"
ERR! cwd /home/eric/Desktop/Projects/nodester-cli
ERR! node -v v0.4.10-pre
ERR! npm -v 1.0.17
verbose exit [ 1, true ]
